2025-12-19 02:34:16,313 - INFO - Loading RL model from models/ppo_aggressive_final.zip
2025-12-19 02:37:14,092 - INFO - Loading RL model from ../models/ppo_aggressive_final.zip
2025-12-19 02:37:17,149 - INFO - Model loaded
2025-12-19 02:37:17,180 - INFO - Kalshi client initialized
2025-12-19 02:37:17,180 - INFO - Starting RL Trading Bot
2025-12-19 02:37:17,180 - INFO - Mode: PAPER
2025-12-19 02:37:17,180 - INFO - Balance: $10000.00
2025-12-19 02:37:17,180 - INFO - ============================================================
2025-12-19 02:37:17,181 - INFO - 
Iteration 1
2025-12-19 02:37:17,181 - INFO - Outside hours (2:00)
2025-12-19 02:42:17,182 - INFO - 
Iteration 2
2025-12-19 02:42:17,182 - INFO - Outside hours (2:00)
2025-12-19 02:47:17,184 - INFO - 
Iteration 3
2025-12-19 02:47:17,185 - INFO - Outside hours (2:00)
2025-12-19 02:52:17,186 - INFO - 
Iteration 4
2025-12-19 02:52:17,187 - INFO - Outside hours (2:00)
2025-12-19 02:57:17,188 - INFO - 
Iteration 5
2025-12-19 02:57:17,188 - INFO - Outside hours (2:00)
2025-12-19 03:02:17,190 - INFO - 
Iteration 6
2025-12-19 03:02:17,191 - INFO - Outside hours (3:00)
2025-12-19 03:07:17,193 - INFO - 
Iteration 7
2025-12-19 03:07:17,193 - INFO - Outside hours (3:00)
2025-12-19 03:12:17,194 - INFO - 
Iteration 8
2025-12-19 03:12:17,194 - INFO - Outside hours (3:00)
2025-12-19 03:17:17,196 - INFO - 
Iteration 9
2025-12-19 03:17:17,197 - INFO - Outside hours (3:00)
2025-12-19 03:22:17,202 - INFO - 
Iteration 10
2025-12-19 03:22:17,203 - INFO - Outside hours (3:00)
2025-12-19 03:27:17,205 - INFO - 
Iteration 11
2025-12-19 03:27:17,206 - INFO - Outside hours (3:00)
2025-12-19 03:32:17,207 - INFO - 
Iteration 12
2025-12-19 03:32:17,207 - INFO - Outside hours (3:00)
2025-12-19 03:37:17,208 - INFO - 
Iteration 13
2025-12-19 03:37:17,209 - INFO - Outside hours (3:00)
2025-12-19 03:42:17,210 - INFO - 
Iteration 14
2025-12-19 03:42:17,210 - INFO - Outside hours (3:00)
2025-12-19 03:46:39,510 - INFO - 
Stopped by user
2025-12-19 03:46:39,511 - INFO - 
Total Trades: 0
2025-12-19 03:46:39,512 - INFO - Final Balance: $10000.00
2025-12-19 04:02:03,777 - INFO - Loading RL model from ../models/ppo_aggressive_final.zip
2025-12-19 04:02:06,093 - INFO - Model loaded
2025-12-19 04:02:06,129 - INFO - Kalshi client initialized
2025-12-19 04:02:06,129 - INFO - ============================================================
2025-12-19 04:02:06,129 - INFO - STARTING RL TRADING BOT - TEST MODE
2025-12-19 04:02:06,130 - INFO - Mode: PAPER TRADING
2025-12-19 04:02:06,130 - INFO - Initial Balance: $10000.00
2025-12-19 04:02:06,130 - INFO - Max Iterations: 10
2025-12-19 04:02:06,130 - INFO - ============================================================
2025-12-19 04:02:06,130 - INFO - 
============================================================
2025-12-19 04:02:06,130 - INFO - ITERATION 1/10
2025-12-19 04:02:06,130 - INFO - ============================================================
2025-12-19 04:02:06,413 - INFO - Found 10 BTC markets
2025-12-19 04:02:06,413 - INFO - Market: KXBTC-25DEC1917-T96749.99
2025-12-19 04:02:06,414 - INFO -   YES: bid=0c ask=2c
2025-12-19 04:02:06,414 - INFO -   NO:  bid=98c ask=100c
2025-12-19 04:02:06,651 - INFO - Current BTC price: $87,968.59
2025-12-19 04:02:06,651 - INFO - Building price history... (1/24)
2025-12-19 04:02:06,652 - INFO - HOLD - No action taken
2025-12-19 04:02:06,652 - INFO - 
Current Status:
2025-12-19 04:02:06,652 - INFO -   Balance: $10000.00
2025-12-19 04:02:06,652 - INFO -   Total Trades: 0
2025-12-19 04:02:06,652 - INFO -   Open Positions: 0
2025-12-19 04:02:06,652 - INFO - 
Sleeping 60s...
2025-12-19 04:03:06,653 - INFO - 
============================================================
2025-12-19 04:03:06,653 - INFO - ITERATION 2/10
2025-12-19 04:03:06,653 - INFO - ============================================================
2025-12-19 04:03:06,929 - INFO - Found 10 BTC markets
2025-12-19 04:03:06,929 - INFO - Market: KXBTC-25DEC1917-T96749.99
2025-12-19 04:03:06,929 - INFO -   YES: bid=0c ask=2c
2025-12-19 04:03:06,930 - INFO -   NO:  bid=98c ask=100c
2025-12-19 04:03:07,187 - INFO - Current BTC price: $87,954.44
2025-12-19 04:03:07,189 - INFO - Building price history... (2/24)
2025-12-19 04:03:07,189 - INFO - HOLD - No action taken
2025-12-19 04:03:07,190 - INFO - 
Current Status:
2025-12-19 04:03:07,190 - INFO -   Balance: $10000.00
2025-12-19 04:03:07,190 - INFO -   Total Trades: 0
2025-12-19 04:03:07,191 - INFO -   Open Positions: 0
2025-12-19 04:03:07,191 - INFO - 
Sleeping 60s...
2025-12-19 04:04:07,192 - INFO - 
============================================================
2025-12-19 04:04:07,192 - INFO - ITERATION 3/10
2025-12-19 04:04:07,193 - INFO - ============================================================
2025-12-19 04:04:07,625 - INFO - Found 10 BTC markets
2025-12-19 04:04:07,626 - INFO - Market: KXBTC-25DEC1917-T96749.99
2025-12-19 04:04:07,626 - INFO -   YES: bid=0c ask=2c
2025-12-19 04:04:07,627 - INFO -   NO:  bid=98c ask=100c
2025-12-19 04:04:08,002 - INFO - Current BTC price: $87,957.99
2025-12-19 04:04:08,005 - INFO - Building price history... (3/24)
2025-12-19 04:04:08,006 - INFO - HOLD - No action taken
2025-12-19 04:04:08,006 - INFO - 
Current Status:
2025-12-19 04:04:08,007 - INFO -   Balance: $10000.00
2025-12-19 04:04:08,007 - INFO -   Total Trades: 0
2025-12-19 04:04:08,007 - INFO -   Open Positions: 0
2025-12-19 04:04:08,009 - INFO - 
Sleeping 60s...
2025-12-19 04:05:08,010 - INFO - 
============================================================
2025-12-19 04:05:08,010 - INFO - ITERATION 4/10
2025-12-19 04:05:08,010 - INFO - ============================================================
2025-12-19 04:05:08,313 - INFO - Found 10 BTC markets
2025-12-19 04:05:08,313 - INFO - Market: KXBTC-25DEC1917-T96749.99
2025-12-19 04:05:08,313 - INFO -   YES: bid=0c ask=2c
2025-12-19 04:05:08,314 - INFO -   NO:  bid=98c ask=100c
2025-12-19 04:05:08,545 - INFO - Current BTC price: $87,919.30
2025-12-19 04:05:08,547 - INFO - Building price history... (4/24)
2025-12-19 04:05:08,547 - INFO - HOLD - No action taken
2025-12-19 04:05:08,548 - INFO - 
Current Status:
2025-12-19 04:05:08,548 - INFO -   Balance: $10000.00
2025-12-19 04:05:08,548 - INFO -   Total Trades: 0
2025-12-19 04:05:08,549 - INFO -   Open Positions: 0
2025-12-19 04:05:08,549 - INFO - 
Sleeping 60s...
2025-12-19 04:06:08,551 - INFO - 
============================================================
2025-12-19 04:06:08,551 - INFO - ITERATION 5/10
2025-12-19 04:06:08,551 - INFO - ============================================================
2025-12-19 04:06:08,960 - INFO - Found 10 BTC markets
2025-12-19 04:06:08,962 - INFO - Market: KXBTC-25DEC1917-T96749.99
2025-12-19 04:06:08,963 - INFO -   YES: bid=0c ask=2c
2025-12-19 04:06:08,964 - INFO -   NO:  bid=98c ask=100c
2025-12-19 04:06:09,404 - INFO - Current BTC price: $87,944.45
2025-12-19 04:06:09,405 - INFO - Building price history... (5/24)
2025-12-19 04:06:09,406 - INFO - HOLD - No action taken
2025-12-19 04:06:09,406 - INFO - 
Current Status:
2025-12-19 04:06:09,407 - INFO -   Balance: $10000.00
2025-12-19 04:06:09,407 - INFO -   Total Trades: 0
2025-12-19 04:06:09,407 - INFO -   Open Positions: 0
2025-12-19 04:06:09,407 - INFO - 
Sleeping 60s...
2025-12-19 04:07:09,408 - INFO - 
============================================================
2025-12-19 04:07:09,408 - INFO - ITERATION 6/10
2025-12-19 04:07:09,408 - INFO - ============================================================
2025-12-19 04:07:09,828 - INFO - Found 10 BTC markets
2025-12-19 04:07:09,828 - INFO - Market: KXBTC-25DEC1917-T96749.99
2025-12-19 04:07:09,830 - INFO -   YES: bid=0c ask=2c
2025-12-19 04:07:09,830 - INFO -   NO:  bid=98c ask=100c
2025-12-19 04:07:10,237 - INFO - Current BTC price: $87,923.32
2025-12-19 04:07:10,241 - INFO - Building price history... (6/24)
2025-12-19 04:07:10,242 - INFO - HOLD - No action taken
2025-12-19 04:07:10,242 - INFO - 
Current Status:
2025-12-19 04:07:10,242 - INFO -   Balance: $10000.00
2025-12-19 04:07:10,243 - INFO -   Total Trades: 0
2025-12-19 04:07:10,243 - INFO -   Open Positions: 0
2025-12-19 04:07:10,244 - INFO - 
Sleeping 60s...
2025-12-19 04:08:10,247 - INFO - 
============================================================
2025-12-19 04:08:10,250 - INFO - ITERATION 7/10
2025-12-19 04:08:10,256 - INFO - ============================================================
2025-12-19 04:08:10,657 - INFO - Found 10 BTC markets
2025-12-19 04:08:10,658 - INFO - Market: KXBTC-25DEC1917-T96749.99
2025-12-19 04:08:10,659 - INFO -   YES: bid=0c ask=2c
2025-12-19 04:08:10,659 - INFO -   NO:  bid=98c ask=100c
2025-12-19 04:08:11,092 - INFO - Current BTC price: $87,955.55
2025-12-19 04:08:11,094 - INFO - Building price history... (7/24)
2025-12-19 04:08:11,094 - INFO - HOLD - No action taken
2025-12-19 04:08:11,095 - INFO - 
Current Status:
2025-12-19 04:08:11,095 - INFO -   Balance: $10000.00
2025-12-19 04:08:11,095 - INFO -   Total Trades: 0
2025-12-19 04:08:11,095 - INFO -   Open Positions: 0
2025-12-19 04:08:11,096 - INFO - 
Sleeping 60s...
2025-12-19 04:09:11,097 - INFO - 
============================================================
2025-12-19 04:09:11,098 - INFO - ITERATION 8/10
2025-12-19 04:09:11,099 - INFO - ============================================================
2025-12-19 04:09:11,554 - INFO - Found 10 BTC markets
2025-12-19 04:09:11,555 - INFO - Market: KXBTC-25DEC1917-T96749.99
2025-12-19 04:09:11,555 - INFO -   YES: bid=0c ask=2c
2025-12-19 04:09:11,555 - INFO -   NO:  bid=98c ask=100c
2025-12-19 04:09:11,896 - INFO - Current BTC price: $87,930.01
2025-12-19 04:09:11,899 - INFO - Building price history... (8/24)
2025-12-19 04:09:11,900 - INFO - HOLD - No action taken
2025-12-19 04:09:11,901 - INFO - 
Current Status:
2025-12-19 04:09:11,901 - INFO -   Balance: $10000.00
2025-12-19 04:09:11,903 - INFO -   Total Trades: 0
2025-12-19 04:09:11,903 - INFO -   Open Positions: 0
2025-12-19 04:09:11,904 - INFO - 
Sleeping 60s...
2025-12-19 04:10:11,904 - INFO - 
============================================================
2025-12-19 04:10:11,904 - INFO - ITERATION 9/10
2025-12-19 04:10:11,905 - INFO - ============================================================
2025-12-19 04:10:12,240 - INFO - Found 10 BTC markets
2025-12-19 04:10:12,240 - INFO - Market: KXBTC-25DEC1917-T96749.99
2025-12-19 04:10:12,241 - INFO -   YES: bid=0c ask=2c
2025-12-19 04:10:12,241 - INFO -   NO:  bid=98c ask=100c
2025-12-19 04:10:12,456 - INFO - Current BTC price: $87,951.96
2025-12-19 04:10:12,459 - INFO - Building price history... (9/24)
2025-12-19 04:10:12,459 - INFO - HOLD - No action taken
2025-12-19 04:10:12,460 - INFO - 
Current Status:
2025-12-19 04:10:12,460 - INFO -   Balance: $10000.00
2025-12-19 04:10:12,460 - INFO -   Total Trades: 0
2025-12-19 04:10:12,461 - INFO -   Open Positions: 0
2025-12-19 04:10:12,461 - INFO - 
Sleeping 60s...
2025-12-19 04:11:12,462 - INFO - 
============================================================
2025-12-19 04:11:12,462 - INFO - ITERATION 10/10
2025-12-19 04:11:12,463 - INFO - ============================================================
2025-12-19 04:11:12,880 - INFO - Found 10 BTC markets
2025-12-19 04:11:12,882 - INFO - Market: KXBTC-25DEC1917-T96749.99
2025-12-19 04:11:12,882 - INFO -   YES: bid=0c ask=2c
2025-12-19 04:11:12,883 - INFO -   NO:  bid=98c ask=100c
2025-12-19 04:11:13,270 - INFO - Current BTC price: $87,942.26
2025-12-19 04:11:13,273 - INFO - Building price history... (10/24)
2025-12-19 04:11:13,274 - INFO - HOLD - No action taken
2025-12-19 04:11:13,274 - INFO - 
Current Status:
2025-12-19 04:11:13,275 - INFO -   Balance: $10000.00
2025-12-19 04:11:13,277 - INFO -   Total Trades: 0
2025-12-19 04:11:13,278 - INFO -   Open Positions: 0
2025-12-19 04:11:13,279 - INFO - 
============================================================
2025-12-19 04:11:13,279 - INFO - FINAL SUMMARY
2025-12-19 04:11:13,281 - INFO - ============================================================
2025-12-19 04:11:13,282 - INFO - Total Iterations: 10
2025-12-19 04:11:13,282 - INFO - Total Trades Executed: 0
2025-12-19 04:11:13,285 - INFO - Starting Balance: $10000.00
2025-12-19 04:11:13,287 - INFO - Final Balance: $10000.00
2025-12-19 04:11:13,288 - INFO - P&L: $0.00
2025-12-19 04:11:13,289 - INFO - ============================================================
2025-12-19 10:06:38,972 - INFO - Loading RL model from ../models/ppo_aggressive_final.zip
2025-12-19 10:06:41,539 - INFO - Model loaded
2025-12-19 10:06:41,587 - INFO - Kalshi client initialized
2025-12-19 10:06:41,587 - INFO - ============================================================
2025-12-19 10:06:41,587 - INFO - STARTING RL TRADING BOT - TEST MODE
2025-12-19 10:06:41,587 - INFO - Mode: PAPER TRADING
2025-12-19 10:06:41,588 - INFO - Initial Balance: $10000.00
2025-12-19 10:06:41,588 - INFO - Max Iterations: 10
2025-12-19 10:06:41,588 - INFO - ============================================================
2025-12-19 10:06:41,588 - INFO - 
============================================================
2025-12-19 10:06:41,588 - INFO - ITERATION 1/10
2025-12-19 10:06:41,588 - INFO - ============================================================
2025-12-19 10:06:41,893 - INFO - Found 10 BTC markets
2025-12-19 10:06:41,894 - INFO - Market: KXBTC-25DEC1917-T96749.99
2025-12-19 10:06:41,894 - INFO -   YES: bid=0c ask=3c
2025-12-19 10:06:41,894 - INFO -   NO:  bid=97c ask=100c
2025-12-19 10:06:42,130 - INFO - Current BTC price: $88,011.04
2025-12-19 10:06:42,544 - INFO - *** AGENT DECISION: BUY_NO x0 contracts ***
2025-12-19 10:06:42,544 - INFO - HOLD - No action taken
2025-12-19 10:06:42,544 - INFO - 
Current Status:
2025-12-19 10:06:42,544 - INFO -   Balance: $10000.00
2025-12-19 10:06:42,545 - INFO -   Total Trades: 0
2025-12-19 10:06:42,545 - INFO -   Open Positions: 0
2025-12-19 10:06:42,545 - INFO - 
Sleeping 60s...
2025-12-19 10:07:42,545 - INFO - 
============================================================
2025-12-19 10:07:42,545 - INFO - ITERATION 2/10
2025-12-19 10:07:42,545 - INFO - ============================================================
2025-12-19 10:07:42,974 - INFO - Found 10 BTC markets
2025-12-19 10:07:42,974 - INFO - Market: KXBTC-25DEC1917-T96749.99
2025-12-19 10:07:42,975 - INFO -   YES: bid=0c ask=3c
2025-12-19 10:07:42,976 - INFO -   NO:  bid=97c ask=100c
2025-12-19 10:07:43,371 - INFO - Current BTC price: $88,118.76
2025-12-19 10:07:43,380 - INFO - *** AGENT DECISION: BUY_YES x0 contracts ***
2025-12-19 10:07:43,385 - INFO - HOLD - No action taken
2025-12-19 10:07:43,385 - INFO - 
Current Status:
2025-12-19 10:07:43,386 - INFO -   Balance: $10000.00
2025-12-19 10:07:43,387 - INFO -   Total Trades: 0
2025-12-19 10:07:43,388 - INFO -   Open Positions: 0
2025-12-19 10:07:43,388 - INFO - 
Sleeping 60s...
2025-12-19 10:08:43,389 - INFO - 
============================================================
2025-12-19 10:08:43,390 - INFO - ITERATION 3/10
2025-12-19 10:08:43,391 - INFO - ============================================================
2025-12-19 10:08:43,906 - INFO - Found 10 BTC markets
2025-12-19 10:08:43,907 - INFO - Market: KXBTC-25DEC1917-T96749.99
2025-12-19 10:08:43,908 - INFO -   YES: bid=0c ask=3c
2025-12-19 10:08:43,908 - INFO -   NO:  bid=97c ask=100c
2025-12-19 10:08:44,264 - INFO - Current BTC price: $88,154.13
2025-12-19 10:08:44,273 - INFO - *** AGENT DECISION: BUY_YES x0 contracts ***
2025-12-19 10:08:44,274 - INFO - HOLD - No action taken
2025-12-19 10:08:44,275 - INFO - 
Current Status:
2025-12-19 10:08:44,276 - INFO -   Balance: $10000.00
2025-12-19 10:08:44,276 - INFO -   Total Trades: 0
2025-12-19 10:08:44,276 - INFO -   Open Positions: 0
2025-12-19 10:08:44,276 - INFO - 
Sleeping 60s...
2025-12-19 10:09:44,278 - INFO - 
============================================================
2025-12-19 10:09:44,278 - INFO - ITERATION 4/10
2025-12-19 10:09:44,278 - INFO - ============================================================
2025-12-19 10:09:44,752 - INFO - Found 10 BTC markets
2025-12-19 10:09:44,752 - INFO - Market: KXBTC-25DEC1917-T96749.99
2025-12-19 10:09:44,752 - INFO -   YES: bid=0c ask=3c
2025-12-19 10:09:44,754 - INFO -   NO:  bid=97c ask=100c
2025-12-19 10:09:45,245 - INFO - Current BTC price: $88,154.04
2025-12-19 10:09:45,252 - INFO - *** AGENT DECISION: BUY_YES x0 contracts ***
2025-12-19 10:09:45,252 - INFO - HOLD - No action taken
2025-12-19 10:09:45,253 - INFO - 
Current Status:
2025-12-19 10:09:45,253 - INFO -   Balance: $10000.00
2025-12-19 10:09:45,253 - INFO -   Total Trades: 0
2025-12-19 10:09:45,254 - INFO -   Open Positions: 0
2025-12-19 10:09:45,254 - INFO - 
Sleeping 60s...
2025-12-19 10:10:45,255 - INFO - 
============================================================
2025-12-19 10:10:45,257 - INFO - ITERATION 5/10
2025-12-19 10:10:45,257 - INFO - ============================================================
2025-12-19 10:10:45,627 - INFO - Found 10 BTC markets
2025-12-19 10:10:45,628 - INFO - Market: KXBTC-25DEC1917-T96749.99
2025-12-19 10:10:45,629 - INFO -   YES: bid=0c ask=3c
2025-12-19 10:10:45,630 - INFO -   NO:  bid=97c ask=100c
2025-12-19 10:10:46,098 - INFO - Current BTC price: $88,163.63
2025-12-19 10:10:46,103 - INFO - *** AGENT DECISION: BUY_NO x10 contracts ***
2025-12-19 10:10:46,103 - INFO - >>> EXECUTING: BUY 10x NO @ 100c (cost: $10.00)
2025-12-19 10:10:46,104 - INFO - PAPER TRADE - Simulated execution
2025-12-19 10:10:46,104 - INFO - New balance: $9990.00
2025-12-19 10:10:46,104 - INFO - 
Current Status:
2025-12-19 10:10:46,104 - INFO -   Balance: $9990.00
2025-12-19 10:10:46,104 - INFO -   Total Trades: 1
2025-12-19 10:10:46,104 - INFO -   Open Positions: 0
2025-12-19 10:10:46,105 - INFO - 
Sleeping 60s...
2025-12-19 10:11:46,105 - INFO - 
============================================================
2025-12-19 10:11:46,105 - INFO - ITERATION 6/10
2025-12-19 10:11:46,106 - INFO - ============================================================
2025-12-19 10:11:46,549 - INFO - Found 10 BTC markets
2025-12-19 10:11:46,549 - INFO - Market: KXBTC-25DEC1917-T96749.99
2025-12-19 10:11:46,550 - INFO -   YES: bid=0c ask=3c
2025-12-19 10:11:46,550 - INFO -   NO:  bid=97c ask=100c
2025-12-19 10:11:46,933 - INFO - Current BTC price: $88,301.18
2025-12-19 10:11:46,942 - INFO - *** AGENT DECISION: BUY_YES x10 contracts ***
2025-12-19 10:11:46,942 - INFO - >>> EXECUTING: BUY 10x YES @ 3c (cost: $0.30)
2025-12-19 10:11:46,942 - INFO - PAPER TRADE - Simulated execution
2025-12-19 10:11:46,943 - INFO - New balance: $9989.70
2025-12-19 10:11:46,943 - INFO - 
Current Status:
2025-12-19 10:11:46,944 - INFO -   Balance: $9989.70
2025-12-19 10:11:46,944 - INFO -   Total Trades: 2
2025-12-19 10:11:46,944 - INFO -   Open Positions: 0
2025-12-19 10:11:46,945 - INFO - 
Sleeping 60s...
2025-12-19 10:12:46,946 - INFO - 
============================================================
2025-12-19 10:12:46,946 - INFO - ITERATION 7/10
2025-12-19 10:12:46,947 - INFO - ============================================================
2025-12-19 10:12:47,189 - INFO - Found 10 BTC markets
2025-12-19 10:12:47,189 - INFO - Market: KXBTC-25DEC1917-T96749.99
2025-12-19 10:12:47,190 - INFO -   YES: bid=0c ask=3c
2025-12-19 10:12:47,190 - INFO -   NO:  bid=97c ask=100c
2025-12-19 10:12:47,438 - INFO - Current BTC price: $88,412.01
2025-12-19 10:12:47,444 - INFO - *** AGENT DECISION: BUY_NO x10 contracts ***
2025-12-19 10:12:47,444 - INFO - >>> EXECUTING: BUY 10x NO @ 100c (cost: $10.00)
2025-12-19 10:12:47,445 - INFO - PAPER TRADE - Simulated execution
2025-12-19 10:12:47,445 - INFO - New balance: $9979.70
2025-12-19 10:12:47,445 - INFO - 
Current Status:
2025-12-19 10:12:47,446 - INFO -   Balance: $9979.70
2025-12-19 10:12:47,446 - INFO -   Total Trades: 3
2025-12-19 10:12:47,446 - INFO -   Open Positions: 0
2025-12-19 10:12:47,446 - INFO - 
Sleeping 60s...
2025-12-19 10:13:47,447 - INFO - 
============================================================
2025-12-19 10:13:47,447 - INFO - ITERATION 8/10
2025-12-19 10:13:47,448 - INFO - ============================================================
2025-12-19 10:13:47,712 - INFO - Found 10 BTC markets
2025-12-19 10:13:47,712 - INFO - Market: KXBTC-25DEC1917-T96749.99
2025-12-19 10:13:47,713 - INFO -   YES: bid=0c ask=3c
2025-12-19 10:13:47,713 - INFO -   NO:  bid=97c ask=100c
2025-12-19 10:13:47,946 - INFO - Current BTC price: $88,682.69
2025-12-19 10:13:47,952 - INFO - *** AGENT DECISION: BUY_YES x10 contracts ***
2025-12-19 10:13:47,953 - INFO - >>> EXECUTING: BUY 10x YES @ 3c (cost: $0.30)
2025-12-19 10:13:47,953 - INFO - PAPER TRADE - Simulated execution
2025-12-19 10:13:47,953 - INFO - New balance: $9979.40
2025-12-19 10:13:47,954 - INFO - 
Current Status:
2025-12-19 10:13:47,954 - INFO -   Balance: $9979.40
2025-12-19 10:13:47,955 - INFO -   Total Trades: 4
2025-12-19 10:13:47,955 - INFO -   Open Positions: 0
2025-12-19 10:13:47,955 - INFO - 
Sleeping 60s...
2025-12-19 10:14:47,956 - INFO - 
============================================================
2025-12-19 10:14:47,958 - INFO - ITERATION 9/10
2025-12-19 10:14:47,958 - INFO - ============================================================
2025-12-19 10:14:48,245 - INFO - Found 10 BTC markets
2025-12-19 10:14:48,246 - INFO - Market: KXBTC-25DEC1917-T96749.99
2025-12-19 10:14:48,246 - INFO -   YES: bid=0c ask=3c
2025-12-19 10:14:48,246 - INFO -   NO:  bid=97c ask=100c
2025-12-19 10:14:48,475 - INFO - Current BTC price: $88,760.01
2025-12-19 10:14:48,481 - INFO - *** AGENT DECISION: BUY_NO x10 contracts ***
2025-12-19 10:14:48,481 - INFO - >>> EXECUTING: BUY 10x NO @ 100c (cost: $10.00)
2025-12-19 10:14:48,481 - INFO - PAPER TRADE - Simulated execution
2025-12-19 10:14:48,482 - INFO - New balance: $9969.40
2025-12-19 10:14:48,482 - INFO - 
Current Status:
2025-12-19 10:14:48,482 - INFO -   Balance: $9969.40
2025-12-19 10:14:48,482 - INFO -   Total Trades: 5
2025-12-19 10:14:48,482 - INFO -   Open Positions: 0
2025-12-19 10:14:48,483 - INFO - 
Sleeping 60s...
2025-12-19 10:15:48,484 - INFO - 
============================================================
2025-12-19 10:15:48,485 - INFO - ITERATION 10/10
2025-12-19 10:15:48,485 - INFO - ============================================================
2025-12-19 10:15:48,883 - INFO - Found 10 BTC markets
2025-12-19 10:15:48,883 - INFO - Market: KXBTC-25DEC1917-T96749.99
2025-12-19 10:15:48,884 - INFO -   YES: bid=0c ask=3c
2025-12-19 10:15:48,884 - INFO -   NO:  bid=97c ask=100c
2025-12-19 10:15:49,294 - INFO - Current BTC price: $88,810.30
2025-12-19 10:15:49,299 - INFO - *** AGENT DECISION: SELL_NO x10 contracts ***
2025-12-19 10:15:49,300 - INFO - >>> EXECUTING: SELL 10x NO @ 97c (cost: $9.70)
2025-12-19 10:15:49,300 - INFO - PAPER TRADE - Simulated execution
2025-12-19 10:15:49,301 - INFO - New balance: $9959.70
2025-12-19 10:15:49,301 - INFO - 
Current Status:
2025-12-19 10:15:49,302 - INFO -   Balance: $9959.70
2025-12-19 10:15:49,303 - INFO -   Total Trades: 6
2025-12-19 10:15:49,303 - INFO -   Open Positions: 0
2025-12-19 10:15:49,303 - INFO - 
============================================================
2025-12-19 10:15:49,304 - INFO - FINAL SUMMARY
2025-12-19 10:15:49,305 - INFO - ============================================================
2025-12-19 10:15:49,305 - INFO - Total Iterations: 10
2025-12-19 10:15:49,306 - INFO - Total Trades Executed: 6
2025-12-19 10:15:49,306 - INFO - Starting Balance: $10000.00
2025-12-19 10:15:49,306 - INFO - Final Balance: $9959.70
2025-12-19 10:15:49,307 - INFO - P&L: $-40.30
2025-12-19 10:15:49,307 - INFO - ============================================================
2025-12-19 11:10:34,206 - INFO - Loading RL model from ../models/ppo_aggressive_final.zip
2025-12-19 11:10:36,783 - INFO - Model loaded
2025-12-19 11:10:36,811 - INFO - Kalshi client initialized
2025-12-19 11:10:36,811 - INFO - ============================================================
2025-12-19 11:10:36,811 - INFO - STARTING RL TRADING BOT - TEST MODE
2025-12-19 11:10:36,812 - INFO - Mode: PAPER TRADING
2025-12-19 11:10:36,812 - INFO - Initial Balance: $10000.00
2025-12-19 11:10:36,812 - INFO - Max Iterations: 10
2025-12-19 11:10:36,812 - INFO - ============================================================
2025-12-19 11:10:36,812 - INFO - 
============================================================
2025-12-19 11:10:36,812 - INFO - ITERATION 1/10
2025-12-19 11:10:36,812 - INFO - ============================================================
2025-12-19 11:10:37,084 - INFO - Found 10 BTC markets
2025-12-19 11:10:37,084 - INFO - Market: KXBTC-25DEC1917-T96749.99
2025-12-19 11:10:37,084 - INFO -   YES: bid=0c ask=3c
2025-12-19 11:10:37,085 - INFO -   NO:  bid=97c ask=100c
2025-12-19 11:10:37,343 - INFO - Current BTC price: $88,373.37
2025-12-19 11:10:37,460 - INFO - *** AGENT DECISION: BUY_NO x0 contracts ***
2025-12-19 11:10:37,460 - INFO - HOLD - No action taken
2025-12-19 11:10:37,460 - INFO - 
Current Status:
2025-12-19 11:10:37,460 - INFO -   Balance: $10000.00
2025-12-19 11:10:37,460 - INFO -   Total Trades: 0
2025-12-19 11:10:37,460 - INFO -   Open Positions: 0
2025-12-19 11:10:37,461 - INFO - 
Sleeping 60s...
2025-12-19 11:11:37,461 - INFO - 
============================================================
2025-12-19 11:11:37,462 - INFO - ITERATION 2/10
2025-12-19 11:11:37,462 - INFO - ============================================================
2025-12-19 11:11:37,708 - INFO - Found 10 BTC markets
2025-12-19 11:11:37,709 - INFO - Market: KXBTC-25DEC1917-T96749.99
2025-12-19 11:11:37,709 - INFO -   YES: bid=0c ask=3c
2025-12-19 11:11:37,710 - INFO -   NO:  bid=97c ask=100c
2025-12-19 11:11:37,949 - INFO - Current BTC price: $88,432.01
2025-12-19 11:11:37,956 - INFO - *** AGENT DECISION: BUY_YES x0 contracts ***
2025-12-19 11:11:37,957 - INFO - HOLD - No action taken
2025-12-19 11:11:37,957 - INFO - 
Current Status:
2025-12-19 11:11:37,957 - INFO -   Balance: $10000.00
2025-12-19 11:11:37,958 - INFO -   Total Trades: 0
2025-12-19 11:11:37,958 - INFO -   Open Positions: 0
2025-12-19 11:11:37,958 - INFO - 
Sleeping 60s...
2025-12-19 11:12:37,960 - INFO - 
============================================================
2025-12-19 11:12:37,960 - INFO - ITERATION 3/10
2025-12-19 11:12:37,961 - INFO - ============================================================
2025-12-19 11:12:38,210 - INFO - Found 10 BTC markets
2025-12-19 11:12:38,211 - INFO - Market: KXBTC-25DEC1917-T96749.99
2025-12-19 11:12:38,212 - INFO -   YES: bid=0c ask=3c
2025-12-19 11:12:38,212 - INFO -   NO:  bid=97c ask=100c
2025-12-19 11:12:38,444 - INFO - Current BTC price: $88,405.99
2025-12-19 11:12:38,452 - INFO - *** AGENT DECISION: BUY_YES x0 contracts ***
2025-12-19 11:12:38,452 - INFO - HOLD - No action taken
2025-12-19 11:12:38,452 - INFO - 
Current Status:
2025-12-19 11:12:38,453 - INFO -   Balance: $10000.00
2025-12-19 11:12:38,453 - INFO -   Total Trades: 0
2025-12-19 11:12:38,454 - INFO -   Open Positions: 0
2025-12-19 11:12:38,454 - INFO - 
Sleeping 60s...
2025-12-19 11:13:38,455 - INFO - 
============================================================
2025-12-19 11:13:38,455 - INFO - ITERATION 4/10
2025-12-19 11:13:38,457 - INFO - ============================================================
2025-12-19 11:13:38,926 - INFO - Found 10 BTC markets
2025-12-19 11:13:38,927 - INFO - Market: KXBTC-25DEC1917-T96749.99
2025-12-19 11:13:38,928 - INFO -   YES: bid=0c ask=3c
2025-12-19 11:13:38,928 - INFO -   NO:  bid=97c ask=100c
2025-12-19 11:13:39,357 - INFO - Current BTC price: $88,299.94
2025-12-19 11:13:39,367 - INFO - *** AGENT DECISION: BUY_YES x0 contracts ***
2025-12-19 11:13:39,368 - INFO - HOLD - No action taken
2025-12-19 11:13:39,370 - INFO - 
Current Status:
2025-12-19 11:13:39,370 - INFO -   Balance: $10000.00
2025-12-19 11:13:39,371 - INFO -   Total Trades: 0
2025-12-19 11:13:39,372 - INFO -   Open Positions: 0
2025-12-19 11:13:39,373 - INFO - 
Sleeping 60s...
2025-12-19 11:14:39,375 - INFO - 
============================================================
2025-12-19 11:14:39,375 - INFO - ITERATION 5/10
2025-12-19 11:14:39,375 - INFO - ============================================================
2025-12-19 11:14:39,939 - INFO - Found 10 BTC markets
2025-12-19 11:14:39,940 - INFO - Market: KXBTC-25DEC1917-T96749.99
2025-12-19 11:14:39,941 - INFO -   YES: bid=0c ask=2c
2025-12-19 11:14:39,941 - INFO -   NO:  bid=98c ask=100c
2025-12-19 11:14:40,504 - INFO - Current BTC price: $88,396.11
2025-12-19 11:14:40,510 - INFO - *** AGENT DECISION: BUY_YES x10 contracts ***
2025-12-19 11:14:40,512 - INFO - >>> EXECUTING: BUY 10x YES @ 2c (cost: $0.20)
2025-12-19 11:14:40,512 - INFO - PAPER TRADE - Simulated execution
2025-12-19 11:14:40,513 - INFO - New balance: $9999.80
2025-12-19 11:14:40,513 - INFO - 
Current Status:
2025-12-19 11:14:40,513 - INFO -   Balance: $9999.80
2025-12-19 11:14:40,517 - INFO -   Total Trades: 1
2025-12-19 11:14:40,519 - INFO -   Open Positions: 0
2025-12-19 11:14:40,520 - INFO - 
Sleeping 60s...
2025-12-19 11:15:40,524 - INFO - 
============================================================
2025-12-19 11:15:40,525 - INFO - ITERATION 6/10
2025-12-19 11:15:40,526 - INFO - ============================================================
2025-12-19 11:15:40,998 - INFO - Found 10 BTC markets
2025-12-19 11:15:40,998 - INFO - Market: KXBTC-25DEC1917-T96749.99
2025-12-19 11:15:40,999 - INFO -   YES: bid=0c ask=2c
2025-12-19 11:15:40,999 - INFO -   NO:  bid=98c ask=100c
2025-12-19 11:15:41,427 - INFO - Current BTC price: $88,337.91
2025-12-19 11:15:41,433 - INFO - *** AGENT DECISION: BUY_NO x10 contracts ***
2025-12-19 11:15:41,435 - INFO - >>> EXECUTING: BUY 10x NO @ 100c (cost: $10.00)
2025-12-19 11:15:41,436 - INFO - PAPER TRADE - Simulated execution
2025-12-19 11:15:41,436 - INFO - New balance: $9989.80
2025-12-19 11:15:41,439 - INFO - 
Current Status:
2025-12-19 11:15:41,440 - INFO -   Balance: $9989.80
2025-12-19 11:15:41,440 - INFO -   Total Trades: 2
2025-12-19 11:15:41,444 - INFO -   Open Positions: 0
2025-12-19 11:15:41,445 - INFO - 
Sleeping 60s...
2025-12-19 11:16:41,449 - INFO - 
============================================================
2025-12-19 11:16:41,449 - INFO - ITERATION 7/10
2025-12-19 11:16:41,450 - INFO - ============================================================
2025-12-19 11:16:41,899 - INFO - Found 10 BTC markets
2025-12-19 11:16:41,900 - INFO - Market: KXBTC-25DEC1917-T96749.99
2025-12-19 11:16:41,900 - INFO -   YES: bid=0c ask=2c
2025-12-19 11:16:41,901 - INFO -   NO:  bid=98c ask=100c
2025-12-19 11:16:42,287 - INFO - Current BTC price: $88,393.77
2025-12-19 11:16:42,296 - INFO - *** AGENT DECISION: BUY_NO x10 contracts ***
2025-12-19 11:16:42,298 - INFO - >>> EXECUTING: BUY 10x NO @ 100c (cost: $10.00)
2025-12-19 11:16:42,298 - INFO - PAPER TRADE - Simulated execution
2025-12-19 11:16:42,299 - INFO - New balance: $9979.80
2025-12-19 11:16:42,299 - INFO - 
Current Status:
2025-12-19 11:16:42,300 - INFO -   Balance: $9979.80
2025-12-19 11:16:42,300 - INFO -   Total Trades: 3
2025-12-19 11:16:42,300 - INFO -   Open Positions: 0
2025-12-19 11:16:42,302 - INFO - 
Sleeping 60s...
2025-12-19 11:17:42,304 - INFO - 
============================================================
2025-12-19 11:17:42,306 - INFO - ITERATION 8/10
2025-12-19 11:17:42,306 - INFO - ============================================================
2025-12-19 11:17:42,757 - INFO - Found 10 BTC markets
2025-12-19 11:17:42,758 - INFO - Market: KXBTC-25DEC1917-T96749.99
2025-12-19 11:17:42,759 - INFO -   YES: bid=0c ask=2c
2025-12-19 11:17:42,759 - INFO -   NO:  bid=98c ask=100c
2025-12-19 11:17:43,177 - INFO - Current BTC price: $88,289.05
2025-12-19 11:17:43,185 - INFO - *** AGENT DECISION: BUY_NO x10 contracts ***
2025-12-19 11:17:43,185 - INFO - >>> EXECUTING: BUY 10x NO @ 100c (cost: $10.00)
2025-12-19 11:17:43,185 - INFO - PAPER TRADE - Simulated execution
2025-12-19 11:17:43,186 - INFO - New balance: $9969.80
2025-12-19 11:17:43,187 - INFO - 
Current Status:
2025-12-19 11:17:43,187 - INFO -   Balance: $9969.80
2025-12-19 11:17:43,192 - INFO -   Total Trades: 4
2025-12-19 11:17:43,192 - INFO -   Open Positions: 0
2025-12-19 11:17:43,193 - INFO - 
Sleeping 60s...
2025-12-19 11:18:43,195 - INFO - 
============================================================
2025-12-19 11:18:43,197 - INFO - ITERATION 9/10
2025-12-19 11:18:43,198 - INFO - ============================================================
2025-12-19 11:18:43,690 - INFO - Found 10 BTC markets
2025-12-19 11:18:43,691 - INFO - Market: KXBTC-25DEC1917-T96749.99
2025-12-19 11:18:43,691 - INFO -   YES: bid=0c ask=2c
2025-12-19 11:18:43,692 - INFO -   NO:  bid=98c ask=100c
2025-12-19 11:18:44,177 - INFO - Current BTC price: $88,341.99
2025-12-19 11:18:44,183 - INFO - *** AGENT DECISION: BUY_NO x10 contracts ***
2025-12-19 11:18:44,184 - INFO - >>> EXECUTING: BUY 10x NO @ 100c (cost: $10.00)
2025-12-19 11:18:44,184 - INFO - PAPER TRADE - Simulated execution
2025-12-19 11:18:44,185 - INFO - New balance: $9959.80
2025-12-19 11:18:44,185 - INFO - 
Current Status:
2025-12-19 11:18:44,185 - INFO -   Balance: $9959.80
2025-12-19 11:18:44,186 - INFO -   Total Trades: 5
2025-12-19 11:18:44,186 - INFO -   Open Positions: 0
2025-12-19 11:18:44,187 - INFO - 
Sleeping 60s...
2025-12-19 11:19:44,187 - INFO - 
============================================================
2025-12-19 11:19:44,188 - INFO - ITERATION 10/10
2025-12-19 11:19:44,188 - INFO - ============================================================
2025-12-19 11:19:44,630 - INFO - Found 10 BTC markets
2025-12-19 11:19:44,632 - INFO - Market: KXBTC-25DEC1917-T96749.99
2025-12-19 11:19:44,632 - INFO -   YES: bid=0c ask=2c
2025-12-19 11:19:44,633 - INFO -   NO:  bid=98c ask=100c
2025-12-19 11:19:45,005 - INFO - Current BTC price: $88,300.04
2025-12-19 11:19:45,013 - INFO - *** AGENT DECISION: SELL_NO x10 contracts ***
2025-12-19 11:19:45,013 - INFO - >>> EXECUTING: SELL 10x NO @ 98c (cost: $9.80)
2025-12-19 11:19:45,014 - INFO - PAPER TRADE - Simulated execution
2025-12-19 11:19:45,015 - INFO - New balance: $9950.00
2025-12-19 11:19:45,015 - INFO - 
Current Status:
2025-12-19 11:19:45,015 - INFO -   Balance: $9950.00
2025-12-19 11:19:45,016 - INFO -   Total Trades: 6
2025-12-19 11:19:45,016 - INFO -   Open Positions: 0
2025-12-19 11:19:45,016 - INFO - 
============================================================
2025-12-19 11:19:45,017 - INFO - FINAL SUMMARY
2025-12-19 11:19:45,017 - INFO - ============================================================
2025-12-19 11:19:45,018 - INFO - Total Iterations: 10
2025-12-19 11:19:45,020 - INFO - Total Trades Executed: 6
2025-12-19 11:19:45,021 - INFO - Starting Balance: $10000.00
2025-12-19 11:19:45,021 - INFO - Final Balance: $9950.00
2025-12-19 11:19:45,021 - INFO - P&L: $-50.00
2025-12-19 11:19:45,023 - INFO - ============================================================
2025-12-20 20:15:19,152 - INFO - Loading RL model from ../models/ppo_aggressive_final.zip
2025-12-20 20:15:22,080 - INFO - Model loaded
2025-12-20 20:15:22,113 - INFO - Kalshi client initialized
2025-12-20 20:15:24,131 - INFO - Starting RL Trading Bot
2025-12-20 20:15:24,131 - INFO - Mode: PAPER
2025-12-20 20:15:24,131 - INFO - Balance: 
2025-12-20 20:15:24,131 - INFO - ============================================================
2025-12-20 20:15:24,131 - INFO - 
Iteration 1/50
2025-12-20 20:15:24,427 - INFO - Found 10 BTC markets
2025-12-20 20:15:24,428 - INFO - KXBTC-25DEC2117-T97499.99: YES 96c
2025-12-20 20:15:25,296 - INFO - Agent decision: BUY_NO x0
2025-12-20 20:15:27,318 - INFO - Holding - no action
2025-12-20 20:15:27,318 - INFO - Balance:  | Trades: 0
2025-12-20 20:15:41,345 - INFO - 
Iteration 2/50
2025-12-20 20:15:41,836 - INFO - Found 10 BTC markets
2025-12-20 20:15:41,837 - INFO - KXBTC-25DEC2117-T97499.99: YES 96c
2025-12-20 20:15:42,381 - INFO - Agent decision: BUY_YES x0
2025-12-20 20:15:44,411 - INFO - Holding - no action
2025-12-20 20:15:44,413 - INFO - Balance:  | Trades: 0
2025-12-20 20:15:58,474 - INFO - 
Iteration 3/50
2025-12-20 20:15:58,725 - INFO - Found 10 BTC markets
2025-12-20 20:15:58,726 - INFO - KXBTC-25DEC2117-T97499.99: YES 96c
2025-12-20 20:15:58,954 - INFO - Agent decision: BUY_YES x0
2025-12-20 20:16:00,981 - INFO - Holding - no action
2025-12-20 20:16:00,982 - INFO - Balance:  | Trades: 0
2025-12-20 20:16:15,041 - INFO - 
Iteration 4/50
2025-12-20 20:16:15,307 - INFO - Found 10 BTC markets
2025-12-20 20:16:15,308 - INFO - KXBTC-25DEC2117-T97499.99: YES 96c
2025-12-20 20:16:15,560 - INFO - Agent decision: BUY_YES x0
2025-12-20 20:16:17,591 - INFO - Holding - no action
2025-12-20 20:16:17,591 - INFO - Balance:  | Trades: 0
2025-12-20 20:16:31,627 - INFO - 
Iteration 5/50
2025-12-20 20:16:31,896 - INFO - Found 10 BTC markets
2025-12-20 20:16:31,896 - INFO - KXBTC-25DEC2117-T97499.99: YES 96c
2025-12-20 20:16:32,132 - INFO - Agent decision: BUY_NO x10
2025-12-20 20:16:34,161 - INFO - BUY 10x NO @ 100c
2025-12-20 20:16:34,161 - INFO - PAPER TRADING - Simulated
2025-12-20 20:16:36,191 - INFO - Balance:  | Trades: 1
2025-12-20 20:16:50,234 - INFO - 
Iteration 6/50
2025-12-20 20:16:50,506 - INFO - Found 10 BTC markets
2025-12-20 20:16:50,506 - INFO - KXBTC-25DEC2117-T97499.99: YES 96c
2025-12-20 20:16:50,736 - INFO - Agent decision: SELL_NO x100
2025-12-20 20:16:52,752 - INFO - SELL 100x NO @ 4c
2025-12-20 20:16:52,752 - INFO - PAPER TRADING - Simulated
2025-12-20 20:16:54,769 - INFO - Balance:  | Trades: 2
2025-12-20 20:17:08,830 - INFO - 
Iteration 7/50
2025-12-20 20:17:09,120 - INFO - Found 10 BTC markets
2025-12-20 20:17:09,120 - INFO - KXBTC-25DEC2117-T97499.99: YES 96c
2025-12-20 20:17:09,326 - INFO - Agent decision: SELL_NO x100
2025-12-20 20:17:11,354 - INFO - SELL 100x NO @ 4c
2025-12-20 20:17:11,354 - INFO - PAPER TRADING - Simulated
2025-12-20 20:17:13,360 - INFO - Balance:  | Trades: 3
2025-12-20 20:17:27,385 - INFO - 
Iteration 8/50
2025-12-20 20:17:27,632 - INFO - Found 10 BTC markets
2025-12-20 20:17:27,632 - INFO - KXBTC-25DEC2117-T97499.99: YES 96c
2025-12-20 20:17:27,864 - INFO - Agent decision: SELL_NO x100
2025-12-20 20:17:29,871 - INFO - SELL 100x NO @ 4c
2025-12-20 20:17:29,872 - INFO - PAPER TRADING - Simulated
2025-12-20 20:17:31,895 - INFO - Balance:  | Trades: 4
2025-12-20 20:17:45,933 - INFO - 
Iteration 9/50
2025-12-20 20:17:46,324 - INFO - Found 10 BTC markets
2025-12-20 20:17:46,324 - INFO - KXBTC-25DEC2117-T97499.99: YES 96c
2025-12-20 20:17:46,728 - INFO - Agent decision: SELL_NO x100
2025-12-20 20:17:48,757 - INFO - SELL 100x NO @ 4c
2025-12-20 20:17:48,758 - INFO - PAPER TRADING - Simulated
2025-12-20 20:17:50,796 - INFO - Balance:  | Trades: 5
2025-12-20 20:18:04,830 - INFO - 
Iteration 10/50
2025-12-20 20:18:05,272 - INFO - Found 10 BTC markets
2025-12-20 20:18:05,274 - INFO - KXBTC-25DEC2117-T97499.99: YES 96c
2025-12-20 20:18:05,784 - INFO - Agent decision: SELL_NO x100
2025-12-20 20:18:07,821 - INFO - SELL 100x NO @ 4c
2025-12-20 20:18:07,824 - INFO - PAPER TRADING - Simulated
2025-12-20 20:18:09,845 - INFO - Balance:  | Trades: 6
2025-12-20 20:18:23,908 - INFO - 
Iteration 11/50
2025-12-20 20:18:24,296 - INFO - Found 10 BTC markets
2025-12-20 20:18:24,296 - INFO - KXBTC-25DEC2117-T97499.99: YES 96c
2025-12-20 20:18:24,703 - INFO - Agent decision: SELL_NO x100
2025-12-20 20:18:26,739 - INFO - SELL 100x NO @ 4c
2025-12-20 20:18:26,739 - INFO - PAPER TRADING - Simulated
2025-12-20 20:18:28,767 - INFO - Balance:  | Trades: 7
2025-12-20 20:18:42,820 - INFO - 
Iteration 12/50
2025-12-20 20:18:43,212 - INFO - Found 10 BTC markets
2025-12-20 20:18:43,212 - INFO - KXBTC-25DEC2117-T97499.99: YES 96c
2025-12-20 20:18:43,585 - INFO - Agent decision: SELL_NO x100
2025-12-20 20:18:45,600 - INFO - SELL 100x NO @ 4c
2025-12-20 20:18:45,601 - INFO - PAPER TRADING - Simulated
2025-12-20 20:18:47,620 - INFO - Balance:  | Trades: 8
2025-12-20 20:19:01,668 - INFO - 
Iteration 13/50
2025-12-20 20:19:02,192 - INFO - Found 10 BTC markets
2025-12-20 20:19:02,194 - INFO - KXBTC-25DEC2117-T97499.99: YES 96c
2025-12-20 20:19:02,612 - INFO - Agent decision: SELL_NO x100
2025-12-20 20:19:04,634 - INFO - SELL 100x NO @ 4c
2025-12-20 20:19:04,635 - INFO - PAPER TRADING - Simulated
2025-12-20 20:19:06,663 - INFO - Balance:  | Trades: 9
2025-12-20 20:19:20,733 - INFO - 
Iteration 14/50
2025-12-20 20:19:21,131 - INFO - Found 10 BTC markets
2025-12-20 20:19:21,132 - INFO - KXBTC-25DEC2117-T97499.99: YES 96c
2025-12-20 20:19:21,501 - INFO - Agent decision: SELL_NO x100
2025-12-20 20:19:23,524 - INFO - SELL 100x NO @ 4c
2025-12-20 20:19:23,524 - INFO - PAPER TRADING - Simulated
2025-12-20 20:19:25,539 - INFO - Balance:  | Trades: 10
2025-12-20 20:19:39,576 - INFO - 
Iteration 15/50
2025-12-20 20:19:40,003 - INFO - Found 10 BTC markets
2025-12-20 20:19:40,005 - INFO - KXBTC-25DEC2117-T97499.99: YES 96c
2025-12-20 20:19:40,520 - INFO - Agent decision: SELL_NO x100
2025-12-20 20:19:42,541 - INFO - SELL 100x NO @ 4c
2025-12-20 20:19:42,542 - INFO - PAPER TRADING - Simulated
2025-12-20 20:19:44,567 - INFO - Balance:  | Trades: 11
2025-12-20 20:19:58,617 - INFO - 
Iteration 16/50
2025-12-20 20:19:59,015 - INFO - Found 10 BTC markets
2025-12-20 20:19:59,015 - INFO - KXBTC-25DEC2117-T97499.99: YES 96c
2025-12-20 20:19:59,368 - INFO - Agent decision: SELL_NO x100
2025-12-20 20:20:01,385 - INFO - SELL 100x NO @ 4c
2025-12-20 20:20:01,386 - INFO - PAPER TRADING - Simulated
2025-12-20 20:20:03,418 - INFO - Balance:  | Trades: 12
2025-12-20 20:20:17,469 - INFO - 
Iteration 17/50
2025-12-20 20:20:17,858 - INFO - Found 10 BTC markets
2025-12-20 20:20:17,859 - INFO - KXBTC-25DEC2117-T97499.99: YES 96c
2025-12-20 20:20:18,227 - INFO - Agent decision: SELL_NO x100
2025-12-20 20:20:20,239 - INFO - SELL 100x NO @ 4c
2025-12-20 20:20:20,242 - INFO - PAPER TRADING - Simulated
2025-12-20 20:20:22,274 - INFO - Balance:  | Trades: 13
2025-12-20 20:20:36,335 - INFO - 
Iteration 18/50
2025-12-20 20:20:36,801 - INFO - Found 10 BTC markets
2025-12-20 20:20:36,803 - INFO - KXBTC-25DEC2117-T97499.99: YES 96c
2025-12-20 20:20:37,272 - INFO - Agent decision: SELL_NO x100
2025-12-20 20:20:39,308 - INFO - SELL 100x NO @ 4c
2025-12-20 20:20:39,310 - INFO - PAPER TRADING - Simulated
2025-12-20 20:20:41,349 - INFO - Balance:  | Trades: 14
2025-12-20 20:20:55,416 - INFO - 
Iteration 19/50
2025-12-20 20:20:55,824 - INFO - Found 10 BTC markets
2025-12-20 20:20:55,824 - INFO - KXBTC-25DEC2117-T97499.99: YES 96c
2025-12-20 20:20:56,190 - INFO - Agent decision: SELL_NO x100
2025-12-20 20:20:58,219 - INFO - SELL 100x NO @ 4c
2025-12-20 20:20:58,219 - INFO - PAPER TRADING - Simulated
2025-12-20 20:21:00,247 - INFO - Balance:  | Trades: 15
2025-12-20 20:21:14,311 - INFO - 
Iteration 20/50
2025-12-20 20:21:14,691 - INFO - Found 10 BTC markets
2025-12-20 20:21:14,691 - INFO - KXBTC-25DEC2117-T97499.99: YES 96c
2025-12-20 20:21:15,099 - INFO - Agent decision: SELL_NO x100
2025-12-20 20:21:17,112 - INFO - SELL 100x NO @ 4c
2025-12-20 20:21:17,113 - INFO - PAPER TRADING - Simulated
2025-12-20 20:21:19,138 - INFO - Balance:  | Trades: 16
2025-12-20 20:21:33,189 - INFO - 
Iteration 21/50
2025-12-20 20:21:33,613 - INFO - Found 10 BTC markets
2025-12-20 20:21:33,614 - INFO - KXBTC-25DEC2117-T97499.99: YES 96c
2025-12-20 20:21:34,057 - INFO - Agent decision: SELL_NO x100
2025-12-20 20:21:36,076 - INFO - SELL 100x NO @ 4c
2025-12-20 20:21:36,076 - INFO - PAPER TRADING - Simulated
2025-12-20 20:21:38,106 - INFO - Balance:  | Trades: 17
2025-12-20 20:21:52,157 - INFO - 
Iteration 22/50
2025-12-20 20:21:52,552 - INFO - Found 10 BTC markets
2025-12-20 20:21:52,554 - INFO - KXBTC-25DEC2117-T97499.99: YES 96c
2025-12-20 20:21:52,930 - INFO - Agent decision: SELL_NO x100
2025-12-20 20:21:54,953 - INFO - SELL 100x NO @ 4c
2025-12-20 20:21:54,953 - INFO - PAPER TRADING - Simulated
2025-12-20 20:21:56,975 - INFO - Balance:  | Trades: 18
2025-12-20 20:22:11,044 - INFO - 
Iteration 23/50
2025-12-20 20:22:11,382 - INFO - Found 10 BTC markets
2025-12-20 20:22:11,383 - INFO - KXBTC-25DEC2117-T97499.99: YES 96c
2025-12-20 20:22:11,723 - INFO - Agent decision: SELL_NO x100
2025-12-20 20:22:13,733 - INFO - SELL 100x NO @ 4c
2025-12-20 20:22:13,734 - INFO - PAPER TRADING - Simulated
2025-12-20 20:22:15,747 - INFO - Balance:  | Trades: 19
2025-12-20 20:22:29,810 - INFO - 
Iteration 24/50
2025-12-20 20:22:30,206 - INFO - Found 10 BTC markets
2025-12-20 20:22:30,207 - INFO - KXBTC-25DEC2117-T97499.99: YES 96c
2025-12-20 20:22:30,644 - INFO - Agent decision: SELL_NO x100
2025-12-20 20:22:32,656 - INFO - SELL 100x NO @ 4c
2025-12-20 20:22:32,658 - INFO - PAPER TRADING - Simulated
2025-12-20 20:22:34,693 - INFO - Balance:  | Trades: 20
2025-12-20 20:22:48,744 - INFO - 
Iteration 25/50
2025-12-20 20:22:49,180 - INFO - Found 10 BTC markets
2025-12-20 20:22:49,182 - INFO - KXBTC-25DEC2117-T97499.99: YES 96c
2025-12-20 20:22:49,594 - INFO - Agent decision: SELL_NO x100
2025-12-20 20:22:51,609 - INFO - SELL 100x NO @ 4c
2025-12-20 20:22:51,610 - INFO - PAPER TRADING - Simulated
2025-12-20 20:22:53,632 - INFO - Balance:  | Trades: 21
2025-12-20 20:23:07,698 - INFO - 
Iteration 26/50
2025-12-20 20:23:08,059 - INFO - Found 10 BTC markets
2025-12-20 20:23:08,059 - INFO - KXBTC-25DEC2117-T97499.99: YES 96c
2025-12-20 20:23:08,407 - INFO - Agent decision: SELL_NO x100
2025-12-20 20:23:10,435 - INFO - SELL 100x NO @ 4c
2025-12-20 20:23:10,435 - INFO - PAPER TRADING - Simulated
2025-12-20 20:23:12,472 - INFO - Balance:  | Trades: 22
2025-12-20 20:23:26,517 - INFO - 
Iteration 27/50
2025-12-20 20:23:26,864 - INFO - Found 10 BTC markets
2025-12-20 20:23:26,864 - INFO - KXBTC-25DEC2117-T97499.99: YES 96c
2025-12-20 20:23:27,256 - INFO - Agent decision: SELL_NO x100
2025-12-20 20:23:29,279 - INFO - SELL 100x NO @ 4c
2025-12-20 20:23:29,282 - INFO - PAPER TRADING - Simulated
2025-12-20 20:23:31,304 - INFO - Balance:  | Trades: 23
2025-12-20 20:23:45,382 - INFO - 
Iteration 28/50
2025-12-20 20:23:45,799 - INFO - Found 10 BTC markets
2025-12-20 20:23:45,800 - INFO - KXBTC-25DEC2117-T97499.99: YES 96c
2025-12-20 20:23:46,194 - INFO - Agent decision: SELL_NO x100
2025-12-20 20:23:48,211 - INFO - SELL 100x NO @ 4c
2025-12-20 20:23:48,211 - INFO - PAPER TRADING - Simulated
2025-12-20 20:23:50,226 - INFO - Balance:  | Trades: 24
2025-12-20 20:24:04,282 - INFO - 
Iteration 29/50
2025-12-20 20:24:04,796 - INFO - Found 10 BTC markets
2025-12-20 20:24:04,797 - INFO - KXBTC-25DEC2117-T97499.99: YES 96c
2025-12-20 20:24:05,212 - INFO - Agent decision: SELL_NO x100
2025-12-20 20:24:07,231 - INFO - SELL 100x NO @ 4c
2025-12-20 20:24:07,232 - INFO - PAPER TRADING - Simulated
2025-12-20 20:24:09,260 - INFO - Balance:  | Trades: 25
2025-12-20 20:24:23,298 - INFO - 
Iteration 30/50
2025-12-20 20:24:23,737 - INFO - Found 10 BTC markets
2025-12-20 20:24:23,737 - INFO - KXBTC-25DEC2117-T97499.99: YES 96c
2025-12-20 20:24:24,129 - INFO - Agent decision: SELL_NO x100
2025-12-20 20:24:26,150 - INFO - SELL 100x NO @ 4c
2025-12-20 20:24:26,151 - INFO - PAPER TRADING - Simulated
2025-12-20 20:24:28,186 - INFO - Balance:  | Trades: 26
2025-12-20 20:24:42,252 - INFO - 
Iteration 31/50
2025-12-20 20:24:42,636 - INFO - Found 10 BTC markets
2025-12-20 20:24:42,637 - INFO - KXBTC-25DEC2117-T97499.99: YES 96c
2025-12-20 20:24:43,005 - INFO - Agent decision: SELL_NO x100
2025-12-20 20:24:45,038 - INFO - SELL 100x NO @ 4c
2025-12-20 20:24:45,039 - INFO - PAPER TRADING - Simulated
2025-12-20 20:24:47,072 - INFO - Balance:  | Trades: 27
2025-12-20 20:25:01,134 - INFO - 
Iteration 32/50
2025-12-20 20:25:01,505 - INFO - Found 10 BTC markets
2025-12-20 20:25:01,506 - INFO - KXBTC-25DEC2117-T97499.99: YES 96c
2025-12-20 20:25:01,909 - INFO - Agent decision: SELL_NO x100
2025-12-20 20:25:03,940 - INFO - SELL 100x NO @ 4c
2025-12-20 20:25:03,941 - INFO - PAPER TRADING - Simulated
2025-12-20 20:25:05,978 - INFO - Balance:  | Trades: 28
2025-12-20 20:25:20,047 - INFO - 
Iteration 33/50
2025-12-20 20:25:20,578 - INFO - Found 10 BTC markets
2025-12-20 20:25:20,578 - INFO - KXBTC-25DEC2117-T97499.99: YES 96c
2025-12-20 20:25:21,034 - INFO - Agent decision: SELL_NO x100
2025-12-20 20:25:23,069 - INFO - SELL 100x NO @ 4c
2025-12-20 20:25:23,071 - INFO - PAPER TRADING - Simulated
2025-12-20 20:25:25,099 - INFO - Balance:  | Trades: 29
2025-12-20 20:25:39,160 - INFO - 
Iteration 34/50
2025-12-20 20:25:39,569 - INFO - Found 10 BTC markets
2025-12-20 20:25:39,571 - INFO - KXBTC-25DEC2117-T97499.99: YES 96c
2025-12-20 20:25:39,971 - INFO - Agent decision: SELL_NO x100
2025-12-20 20:25:42,008 - INFO - SELL 100x NO @ 4c
2025-12-20 20:25:42,010 - INFO - PAPER TRADING - Simulated
2025-12-20 20:25:44,031 - INFO - Balance:  | Trades: 30
2025-12-20 20:25:58,095 - INFO - 
Iteration 35/50
2025-12-20 20:25:58,643 - INFO - Found 10 BTC markets
2025-12-20 20:25:58,643 - INFO - KXBTC-25DEC2117-T97499.99: YES 96c
2025-12-20 20:25:59,084 - INFO - Agent decision: SELL_NO x100
2025-12-20 20:26:01,120 - INFO - SELL 100x NO @ 4c
2025-12-20 20:26:01,121 - INFO - PAPER TRADING - Simulated
2025-12-20 20:26:03,157 - INFO - Balance:  | Trades: 31
2025-12-20 20:26:17,218 - INFO - 
Iteration 36/50
2025-12-20 20:26:17,662 - INFO - Found 10 BTC markets
2025-12-20 20:26:17,664 - INFO - KXBTC-25DEC2117-T97499.99: YES 96c
2025-12-20 20:26:18,189 - INFO - Agent decision: SELL_NO x100
2025-12-20 20:26:20,223 - INFO - SELL 100x NO @ 4c
2025-12-20 20:26:20,224 - INFO - PAPER TRADING - Simulated
2025-12-20 20:26:22,252 - INFO - Balance:  | Trades: 32
2025-12-20 20:26:36,301 - INFO - 
Iteration 37/50
2025-12-20 20:26:36,773 - INFO - Found 10 BTC markets
2025-12-20 20:26:36,774 - INFO - KXBTC-25DEC2117-T97499.99: YES 96c
2025-12-20 20:26:37,161 - INFO - Agent decision: SELL_NO x100
2025-12-20 20:26:39,197 - INFO - SELL 100x NO @ 4c
2025-12-20 20:26:39,201 - INFO - PAPER TRADING - Simulated
2025-12-20 20:26:41,233 - INFO - Balance:  | Trades: 33
2025-12-20 20:26:55,296 - INFO - 
Iteration 38/50
2025-12-20 20:26:55,699 - INFO - Found 10 BTC markets
2025-12-20 20:26:55,700 - INFO - KXBTC-25DEC2117-T97499.99: YES 96c
2025-12-20 20:26:56,039 - INFO - Agent decision: SELL_NO x100
2025-12-20 20:26:58,050 - INFO - SELL 100x NO @ 4c
2025-12-20 20:26:58,050 - INFO - PAPER TRADING - Simulated
2025-12-20 20:27:00,080 - INFO - Balance:  | Trades: 34
2025-12-20 20:27:14,133 - INFO - 
Iteration 39/50
2025-12-20 20:27:14,534 - INFO - Found 10 BTC markets
2025-12-20 20:27:14,534 - INFO - KXBTC-25DEC2117-T97499.99: YES 96c
2025-12-20 20:27:15,065 - INFO - Agent decision: SELL_NO x100
2025-12-20 20:27:17,085 - INFO - SELL 100x NO @ 4c
2025-12-20 20:27:17,085 - INFO - PAPER TRADING - Simulated
2025-12-20 20:27:19,099 - INFO - Balance:  | Trades: 35
2025-12-20 20:27:33,158 - INFO - 
Iteration 40/50
2025-12-20 20:27:33,605 - INFO - Found 10 BTC markets
2025-12-20 20:27:33,605 - INFO - KXBTC-25DEC2117-T97499.99: YES 96c
2025-12-20 20:27:34,057 - INFO - Agent decision: SELL_NO x100
2025-12-20 20:27:36,094 - INFO - SELL 100x NO @ 4c
2025-12-20 20:27:36,095 - INFO - PAPER TRADING - Simulated
2025-12-20 20:27:38,106 - INFO - Balance:  | Trades: 36
2025-12-20 20:27:52,161 - INFO - 
Iteration 41/50
2025-12-20 20:27:52,537 - INFO - Found 10 BTC markets
2025-12-20 20:27:52,537 - INFO - KXBTC-25DEC2117-T97499.99: YES 96c
2025-12-20 20:27:52,869 - INFO - Agent decision: SELL_NO x100
2025-12-20 20:27:54,893 - INFO - SELL 100x NO @ 4c
2025-12-20 20:27:54,894 - INFO - PAPER TRADING - Simulated
2025-12-20 20:27:56,931 - INFO - Balance:  | Trades: 37
2025-12-20 20:28:10,971 - INFO - 
Iteration 42/50
2025-12-20 20:28:11,346 - INFO - Found 10 BTC markets
2025-12-20 20:28:11,347 - INFO - KXBTC-25DEC2117-T97499.99: YES 96c
2025-12-20 20:28:11,679 - INFO - Agent decision: SELL_NO x100
2025-12-20 20:28:13,718 - INFO - SELL 100x NO @ 4c
2025-12-20 20:28:13,719 - INFO - PAPER TRADING - Simulated
2025-12-20 20:28:15,743 - INFO - Balance:  | Trades: 38
2025-12-20 20:28:29,781 - INFO - 
Iteration 43/50
2025-12-20 20:28:30,189 - INFO - Found 10 BTC markets
2025-12-20 20:28:30,190 - INFO - KXBTC-25DEC2117-T97499.99: YES 96c
2025-12-20 20:28:30,557 - INFO - Agent decision: SELL_NO x100
2025-12-20 20:28:32,602 - INFO - SELL 100x NO @ 4c
2025-12-20 20:28:32,603 - INFO - PAPER TRADING - Simulated
2025-12-20 20:28:34,641 - INFO - Balance:  | Trades: 39
2025-12-20 20:28:48,692 - INFO - 
Iteration 44/50
2025-12-20 20:28:49,082 - INFO - Found 10 BTC markets
2025-12-20 20:28:49,082 - INFO - KXBTC-25DEC2117-T97499.99: YES 96c
2025-12-20 20:28:49,528 - INFO - Agent decision: SELL_NO x100
2025-12-20 20:28:51,554 - INFO - SELL 100x NO @ 4c
2025-12-20 20:28:51,555 - INFO - PAPER TRADING - Simulated
2025-12-20 20:28:53,585 - INFO - Balance:  | Trades: 40
2025-12-20 20:29:07,646 - INFO - 
Iteration 45/50
2025-12-20 20:29:08,039 - INFO - Found 10 BTC markets
2025-12-20 20:29:08,040 - INFO - KXBTC-25DEC2117-T97499.99: YES 96c
2025-12-20 20:29:08,487 - INFO - Agent decision: SELL_NO x100
2025-12-20 20:29:10,525 - INFO - SELL 100x NO @ 4c
2025-12-20 20:29:10,525 - INFO - PAPER TRADING - Simulated
2025-12-20 20:29:12,546 - INFO - Balance:  | Trades: 41
2025-12-20 20:29:26,576 - INFO - 
Iteration 46/50
2025-12-20 20:29:26,967 - INFO - Found 10 BTC markets
2025-12-20 20:29:26,968 - INFO - KXBTC-25DEC2117-T97499.99: YES 96c
2025-12-20 20:29:27,317 - INFO - Agent decision: SELL_NO x100
2025-12-20 20:29:29,353 - INFO - SELL 100x NO @ 4c
2025-12-20 20:29:29,353 - INFO - PAPER TRADING - Simulated
2025-12-20 20:29:31,386 - INFO - Balance:  | Trades: 42
2025-12-20 20:29:45,421 - INFO - 
Iteration 47/50
2025-12-20 20:29:45,805 - INFO - Found 10 BTC markets
2025-12-20 20:29:45,807 - INFO - KXBTC-25DEC2117-T97499.99: YES 96c
2025-12-20 20:29:46,213 - INFO - Agent decision: SELL_NO x100
2025-12-20 20:29:48,241 - INFO - SELL 100x NO @ 4c
2025-12-20 20:29:48,243 - INFO - PAPER TRADING - Simulated
2025-12-20 20:29:50,274 - INFO - Balance:  | Trades: 43
2025-12-20 20:30:04,338 - INFO - 
Iteration 48/50
2025-12-20 20:30:04,606 - INFO - Found 10 BTC markets
2025-12-20 20:30:04,606 - INFO - KXBTC-25DEC2117-T97499.99: YES 96c
2025-12-20 20:30:04,843 - INFO - Agent decision: SELL_NO x100
2025-12-20 20:30:06,865 - INFO - SELL 100x NO @ 4c
2025-12-20 20:30:06,865 - INFO - PAPER TRADING - Simulated
2025-12-20 20:30:08,872 - INFO - Balance:  | Trades: 44
2025-12-20 20:30:22,919 - INFO - 
Iteration 49/50
2025-12-20 20:30:23,150 - INFO - Found 10 BTC markets
2025-12-20 20:30:23,150 - INFO - KXBTC-25DEC2117-T97499.99: YES 96c
2025-12-20 20:30:23,392 - INFO - Agent decision: SELL_NO x100
2025-12-20 20:30:25,404 - INFO - SELL 100x NO @ 4c
2025-12-20 20:30:25,404 - INFO - PAPER TRADING - Simulated
2025-12-20 20:30:27,418 - INFO - Balance:  | Trades: 45
2025-12-20 20:30:41,476 - INFO - 
Iteration 50/50
2025-12-20 20:30:41,743 - INFO - Found 10 BTC markets
2025-12-20 20:30:41,743 - INFO - KXBTC-25DEC2117-T97499.99: YES 96c
2025-12-20 20:30:41,976 - INFO - Agent decision: SELL_NO x100
2025-12-20 20:30:44,010 - INFO - SELL 100x NO @ 4c
2025-12-20 20:30:44,011 - INFO - PAPER TRADING - Simulated
2025-12-20 20:30:46,036 - INFO - Balance:  | Trades: 46
2025-12-20 20:31:00,073 - INFO - 
Total Trades: 46
2025-12-20 20:31:00,074 - INFO - Final Balance: 
